<?xml version="1.0" encoding="UTF-8"?>
<testsuite xmlns:xsi="http://www.w3.org/2001/XMLSchema-instance" xsi:noNamespaceSchemaLocation="https://maven.apache.org/surefire/maven-surefire-plugin/xsd/surefire-test-report-3.0.xsd" version="3.0" name="com.example.tamagotchi.TamagotchiTest" time="0.057" tests="5" errors="0" skipped="0" failures="0">
  <properties>
    <property name="java.specification.version" value="24"/>
    <property name="sun.jnu.encoding" value="UTF-8"/>
    <property name="java.class.path" value="/home/adriano/tamagotchi/tamagotchi/target/test-classes:/home/adriano/tamagotchi/tamagotchi/target/classes:/home/adriano/.m2/repository/junit/junit/4.13.2/junit-4.13.2.jar:/home/adriano/.m2/repository/org/hamcrest/hamcrest-core/1.3/hamcrest-core-1.3.jar:/home/adriano/.m2/repository/org/junit/jupiter/junit-jupiter-api/5.13.0-M2/junit-jupiter-api-5.13.0-M2.jar:/home/adriano/.m2/repository/org/opentest4j/opentest4j/1.3.0/opentest4j-1.3.0.jar:/home/adriano/.m2/repository/org/junit/platform/junit-platform-commons/1.13.0-M2/junit-platform-commons-1.13.0-M2.jar:/home/adriano/.m2/repository/org/apiguardian/apiguardian-api/1.1.2/apiguardian-api-1.1.2.jar:"/>
    <property name="java.vm.vendor" value="Oracle Corporation"/>
    <property name="sun.arch.data.model" value="64"/>
    <property name="java.vendor.url" value="https://java.oracle.com/"/>
    <property name="os.name" value="Linux"/>
    <property name="java.vm.specification.version" value="24"/>
    <property name="sun.java.launcher" value="SUN_STANDARD"/>
    <property name="user.country" value="BR"/>
    <property name="sun.boot.library.path" value="/usr/lib/jvm/jdk-24-oracle-x64/lib"/>
    <property name="sun.java.command" value="/home/adriano/tamagotchi/tamagotchi/target/surefire/surefirebooter-20250424143407274_3.jar /home/adriano/tamagotchi/tamagotchi/target/surefire 2025-04-24T14-34-05_510-jvmRun1 surefire-20250424143407274_1tmp surefire_0-20250424143407274_2tmp"/>
    <property name="jdk.debug" value="release"/>
    <property name="surefire.test.class.path" value="/home/adriano/tamagotchi/tamagotchi/target/test-classes:/home/adriano/tamagotchi/tamagotchi/target/classes:/home/adriano/.m2/repository/junit/junit/4.13.2/junit-4.13.2.jar:/home/adriano/.m2/repository/org/hamcrest/hamcrest-core/1.3/hamcrest-core-1.3.jar:/home/adriano/.m2/repository/org/junit/jupiter/junit-jupiter-api/5.13.0-M2/junit-jupiter-api-5.13.0-M2.jar:/home/adriano/.m2/repository/org/opentest4j/opentest4j/1.3.0/opentest4j-1.3.0.jar:/home/adriano/.m2/repository/org/junit/platform/junit-platform-commons/1.13.0-M2/junit-platform-commons-1.13.0-M2.jar:/home/adriano/.m2/repository/org/apiguardian/apiguardian-api/1.1.2/apiguardian-api-1.1.2.jar:"/>
    <property name="sun.cpu.endian" value="little"/>
    <property name="user.home" value="/home/adriano"/>
    <property name="user.language" value="pt"/>
    <property name="java.specification.vendor" value="Oracle Corporation"/>
    <property name="java.version.date" value="2025-03-18"/>
    <property name="java.home" value="/usr/lib/jvm/jdk-24-oracle-x64"/>
    <property name="file.separator" value="/"/>
    <property name="basedir" value="/home/adriano/tamagotchi/tamagotchi"/>
    <property name="java.vm.compressedOopsMode" value="32-bit"/>
    <property name="line.separator" value="&#10;"/>
    <property name="java.specification.name" value="Java Platform API Specification"/>
    <property name="java.vm.specification.vendor" value="Oracle Corporation"/>
    <property name="surefire.real.class.path" value="/home/adriano/tamagotchi/tamagotchi/target/surefire/surefirebooter-20250424143407274_3.jar"/>
    <property name="sun.management.compiler" value="HotSpot 64-Bit Tiered Compilers"/>
    <property name="java.runtime.version" value="24+36-3646"/>
    <property name="user.name" value="adriano"/>
    <property name="stdout.encoding" value="UTF-8"/>
    <property name="path.separator" value=":"/>
    <property name="os.version" value="6.8.0-57-generic"/>
    <property name="java.runtime.name" value="Java(TM) SE Runtime Environment"/>
    <property name="file.encoding" value="UTF-8"/>
    <property name="java.vm.name" value="Java HotSpot(TM) 64-Bit Server VM"/>
    <property name="localRepository" value="/home/adriano/.m2/repository"/>
    <property name="java.vendor.url.bug" value="https://bugreport.java.com/bugreport/"/>
    <property name="java.io.tmpdir" value="/tmp"/>
    <property name="java.version" value="24"/>
    <property name="user.dir" value="/home/adriano/tamagotchi/tamagotchi"/>
    <property name="os.arch" value="amd64"/>
    <property name="java.vm.specification.name" value="Java Virtual Machine Specification"/>
    <property name="native.encoding" value="UTF-8"/>
    <property name="java.library.path" value="/usr/java/packages/lib:/usr/lib64:/lib64:/lib:/usr/lib"/>
    <property name="java.vm.info" value="mixed mode, sharing"/>
    <property name="stderr.encoding" value="UTF-8"/>
    <property name="java.vendor" value="Oracle Corporation"/>
    <property name="java.vm.version" value="24+36-3646"/>
    <property name="sun.io.unicode.encoding" value="UnicodeLittle"/>
    <property name="java.class.version" value="68.0"/>
  </properties>
  <testcase name="testAlimentar" classname="com.example.tamagotchi.TamagotchiTest" time="0.028">
    <system-out><![CDATA[Você alimentou o Test.
]]></system-out>
  </testcase>
  <testcase name="testBrincar" classname="com.example.tamagotchi.TamagotchiTest" time="0.001">
    <system-out><![CDATA[Você brincou com o Test.
]]></system-out>
  </testcase>
  <testcase name="testVerificarStatus" classname="com.example.tamagotchi.TamagotchiTest" time="0.003">
    <system-out><![CDATA[Status do Test:
Estágio de Vida: BEBE
Idade: 0 dias
Fome: 100
Felicidade: 100
Energia: 100
Saúde: 100

]]></system-out>
  </testcase>
  <testcase name="testDormir" classname="com.example.tamagotchi.TamagotchiTest" time="0.002">
    <system-out><![CDATA[Test está dormindo.
]]></system-out>
  </testcase>
  <testcase name="testEnvelhecer" classname="com.example.tamagotchi.TamagotchiTest" time="0.001">
    <system-out><![CDATA[Test envelheceu! Está agora no estágio BEBE.
]]></system-out>
  </testcase>
</testsuite>